빌드 시작: 10/28/2014 2:08:57 PM
     1>2 노드의 "C:\Users\Solitas\Documents\Visual Studio 2013\Projects\FFMpegTest\FFMpegMFC\FFMpegMFC.vcxproj" 프로젝트(Build 대상)입니다.
     1>ClCompile:
         C:\Program Files (x86)\Microsoft Visual Studio 12.0\VC\bin\CL.exe /c /IC:\ffmpeg\include /ZI /nologo /W3 /WX- /sdl /Od /Oy- /D WIN32 /D _WINDOWS /D _DEBUG /D _UNICODE /D UNICODE /D _AFXDLL /Gm /EHsc /RTC1 /MDd /GS /fp:precise /Zc:wchar_t /Zc:forScope /Yc"stdafx.h" /Fp"Debug\FFMpegMFC.pch" /Fo"Debug\\" /Fd"Debug\vc120.pdb" /Gd /TP /analyze- /errorReport:prompt stdafx.cpp
         stdafx.cpp
         C:\Program Files (x86)\Microsoft Visual Studio 12.0\VC\bin\CL.exe /c /IC:\ffmpeg\include /ZI /nologo /W3 /WX- /sdl /Od /Oy- /D WIN32 /D _WINDOWS /D _DEBUG /D _UNICODE /D UNICODE /D _AFXDLL /Gm /EHsc /RTC1 /MDd /GS /fp:precise /Zc:wchar_t /Zc:forScope /Yu"stdafx.h" /Fp"Debug\FFMpegMFC.pch" /Fo"Debug\\" /Fd"Debug\vc120.pdb" /Gd /TP /analyze- /errorReport:prompt FFMpegMFC.cpp FFMpegMFCDlg.cpp
         FFMpegMFCDlg.cpp
         FFMpegMFC.cpp
         코드를 생성하고 있습니다...
       ResourceCompile:
         C:\Program Files (x86)\Windows Kits\8.1\bin\x86\rc.exe /D _DEBUG /D _UNICODE /D UNICODE /D _AFXDLL /l"0x0412" /IDebug\ /nologo /fo"Debug\FFMpegMFC.res" FFMpegMFC.rc 
       Link:
         C:\Program Files (x86)\Microsoft Visual Studio 12.0\VC\bin\link.exe /ERRORREPORT:PROMPT /OUT:"C:\Users\Solitas\Documents\Visual Studio 2013\Projects\FFMpegTest\Debug\FFMpegMFC.exe" /INCREMENTAL /NOLOGO /LIBPATH:C:\ffmpeg\lib avcodec.lib avdevice.lib avformat.lib avutil.lib avfilter.lib swscale.lib /MANIFEST /MANIFESTUAC:"level='asInvoker' uiAccess='false'" /manifest:embed /manifestinput:"C:\Program Files (x86)\Microsoft Visual Studio 12.0\VC\Include\Manifest\dpiaware.manifest" /DEBUG /PDB:"C:\Users\Solitas\Documents\Visual Studio 2013\Projects\FFMpegTest\Debug\FFMpegMFC.pdb" /SUBSYSTEM:WINDOWS /TLBID:1 /ENTRY:"wWinMainCRTStartup" /DYNAMICBASE /NXCOMPAT /IMPLIB:"C:\Users\Solitas\Documents\Visual Studio 2013\Projects\FFMpegTest\Debug\FFMpegMFC.lib" /MACHINE:X86 Debug\FFMpegMFC.res
         Debug\FFMpegMFC.obj
         Debug\FFMpegMFCDlg.obj
         Debug\stdafx.obj
         FFMpegMFC.vcxproj -> C:\Users\Solitas\Documents\Visual Studio 2013\Projects\FFMpegTest\Debug\FFMpegMFC.exe
     1>"C:\Users\Solitas\Documents\Visual Studio 2013\Projects\FFMpegTest\FFMpegMFC\FFMpegMFC.vcxproj" 프로젝트를 빌드했습니다(Build 대상).

빌드했습니다.

경과 시간: 00:00:05.65
